2025/07/18 20:52:55 [notice] 1#1: using the "epoll" event method
2025/07/18 20:52:55 [notice] 1#1: nginx/1.29.0
2025/07/18 20:52:55 [notice] 1#1: built by gcc 14.2.0 (Alpine 14.2.0) 
2025/07/18 20:52:55 [notice] 1#1: OS: Linux 6.8.0-64-generic
2025/07/18 20:52:55 [notice] 1#1: getrlimit(RLIMIT_NOFILE): 1048576:1048576
2025/07/18 20:52:55 [notice] 1#1: start worker processes
2025/07/18 20:52:55 [notice] 1#1: start worker process 29
2025/07/18 20:52:55 [notice] 1#1: start worker process 30
2025/07/18 20:52:55 [notice] 1#1: start worker process 31
2025/07/18 20:52:55 [notice] 1#1: start worker process 32
2025/07/18 20:52:55 [notice] 1#1: start worker process 33
2025/07/18 20:52:55 [notice] 1#1: start worker process 34
2025/07/18 20:52:55 [notice] 1#1: start worker process 35
2025/07/18 20:52:55 [notice] 1#1: start worker process 36
2025/07/18 20:58:38 [notice] 1#1: signal 3 (SIGQUIT) received, shutting down
2025/07/18 20:58:38 [notice] 29#29: gracefully shutting down
2025/07/18 20:58:38 [notice] 31#31: gracefully shutting down
2025/07/18 20:58:38 [notice] 30#30: gracefully shutting down
2025/07/18 20:58:38 [notice] 29#29: exiting
2025/07/18 20:58:38 [notice] 31#31: exiting
2025/07/18 20:58:38 [notice] 30#30: exiting
2025/07/18 20:58:38 [notice] 29#29: exit
2025/07/18 20:58:38 [notice] 30#30: exit
2025/07/18 20:58:38 [notice] 31#31: exit
2025/07/18 20:58:38 [notice] 32#32: gracefully shutting down
2025/07/18 20:58:38 [notice] 33#33: gracefully shutting down
2025/07/18 20:58:38 [notice] 32#32: exiting
2025/07/18 20:58:38 [notice] 33#33: exiting
2025/07/18 20:58:38 [notice] 32#32: exit
2025/07/18 20:58:38 [notice] 33#33: exit
2025/07/18 20:58:38 [notice] 34#34: gracefully shutting down
2025/07/18 20:58:38 [notice] 34#34: exiting
2025/07/18 20:58:38 [notice] 34#34: exit
2025/07/18 20:58:38 [notice] 35#35: gracefully shutting down
2025/07/18 20:58:38 [notice] 36#36: gracefully shutting down
2025/07/18 20:58:38 [notice] 35#35: exiting
2025/07/18 20:58:38 [notice] 36#36: exiting
2025/07/18 20:58:38 [notice] 35#35: exit
2025/07/18 20:58:38 [notice] 36#36: exit
2025/07/18 20:58:38 [notice] 1#1: signal 17 (SIGCHLD) received from 31
2025/07/18 20:58:38 [notice] 1#1: worker process 30 exited with code 0
2025/07/18 20:58:38 [notice] 1#1: worker process 31 exited with code 0
2025/07/18 20:58:38 [notice] 1#1: worker process 33 exited with code 0
2025/07/18 20:58:38 [notice] 1#1: signal 29 (SIGIO) received
2025/07/18 20:58:38 [notice] 1#1: signal 17 (SIGCHLD) received from 30
2025/07/18 20:58:38 [notice] 1#1: signal 17 (SIGCHLD) received from 29
2025/07/18 20:58:38 [notice] 1#1: worker process 29 exited with code 0
2025/07/18 20:58:38 [notice] 1#1: worker process 35 exited with code 0
2025/07/18 20:58:38 [notice] 1#1: signal 29 (SIGIO) received
2025/07/18 20:58:38 [notice] 1#1: signal 17 (SIGCHLD) received from 35
2025/07/18 20:58:38 [notice] 1#1: worker process 32 exited with code 0
2025/07/18 20:58:38 [notice] 1#1: worker process 34 exited with code 0
2025/07/18 20:58:38 [notice] 1#1: signal 29 (SIGIO) received
2025/07/18 20:58:38 [notice] 1#1: signal 17 (SIGCHLD) received from 36
2025/07/18 20:58:38 [notice] 1#1: worker process 36 exited with code 0
2025/07/18 20:58:38 [notice] 1#1: exit
2025/07/18 20:59:28 [notice] 1#1: using the "epoll" event method
2025/07/18 20:59:28 [notice] 1#1: nginx/1.29.0
2025/07/18 20:59:28 [notice] 1#1: built by gcc 14.2.0 (Alpine 14.2.0) 
2025/07/18 20:59:28 [notice] 1#1: OS: Linux 6.8.0-64-generic
2025/07/18 20:59:28 [notice] 1#1: getrlimit(RLIMIT_NOFILE): 1048576:1048576
2025/07/18 20:59:28 [notice] 1#1: start worker processes
2025/07/18 20:59:28 [notice] 1#1: start worker process 29
2025/07/18 20:59:28 [notice] 1#1: start worker process 30
2025/07/18 20:59:28 [notice] 1#1: start worker process 31
2025/07/18 20:59:28 [notice] 1#1: start worker process 32
2025/07/18 20:59:28 [notice] 1#1: start worker process 33
2025/07/18 20:59:28 [notice] 1#1: start worker process 34
2025/07/18 20:59:28 [notice] 1#1: start worker process 35
2025/07/18 20:59:28 [notice] 1#1: start worker process 36
2025/07/21 23:19:00 [notice] 1#1: using the "epoll" event method
2025/07/21 23:19:00 [notice] 1#1: nginx/1.29.0
2025/07/21 23:19:00 [notice] 1#1: built by gcc 14.2.0 (Alpine 14.2.0) 
2025/07/21 23:19:00 [notice] 1#1: OS: Linux 6.8.0-64-generic
2025/07/21 23:19:00 [notice] 1#1: getrlimit(RLIMIT_NOFILE): 1048576:1048576
2025/07/21 23:19:00 [notice] 1#1: start worker processes
2025/07/21 23:19:00 [notice] 1#1: start worker process 29
2025/07/21 23:19:00 [notice] 1#1: start worker process 30
2025/07/21 23:19:00 [notice] 1#1: start worker process 31
2025/07/21 23:19:00 [notice] 1#1: start worker process 32
2025/07/21 23:19:00 [notice] 1#1: start worker process 33
2025/07/21 23:19:00 [notice] 1#1: start worker process 34
2025/07/21 23:19:00 [notice] 1#1: start worker process 35
2025/07/21 23:19:00 [notice] 1#1: start worker process 36
2025/07/21 23:19:20 [notice] 1#1: signal 3 (SIGQUIT) received, shutting down
2025/07/21 23:19:20 [notice] 29#29: gracefully shutting down
2025/07/21 23:19:20 [notice] 30#30: gracefully shutting down
2025/07/21 23:19:20 [notice] 31#31: gracefully shutting down
2025/07/21 23:19:20 [notice] 32#32: gracefully shutting down
2025/07/21 23:19:20 [notice] 29#29: exiting
2025/07/21 23:19:20 [notice] 33#33: gracefully shutting down
2025/07/21 23:19:20 [notice] 30#30: exiting
2025/07/21 23:19:20 [notice] 31#31: exiting
2025/07/21 23:19:20 [notice] 32#32: exiting
2025/07/21 23:19:20 [notice] 33#33: exiting
2025/07/21 23:19:20 [notice] 34#34: gracefully shutting down
2025/07/21 23:19:20 [notice] 31#31: exit
2025/07/21 23:19:20 [notice] 29#29: exit
2025/07/21 23:19:20 [notice] 33#33: exit
2025/07/21 23:19:20 [notice] 30#30: exit
2025/07/21 23:19:20 [notice] 32#32: exit
2025/07/21 23:19:20 [notice] 34#34: exiting
2025/07/21 23:19:20 [notice] 35#35: gracefully shutting down
2025/07/21 23:19:20 [notice] 35#35: exiting
2025/07/21 23:19:20 [notice] 34#34: exit
2025/07/21 23:19:20 [notice] 35#35: exit
2025/07/21 23:19:20 [notice] 36#36: gracefully shutting down
2025/07/21 23:19:20 [notice] 36#36: exiting
2025/07/21 23:19:20 [notice] 36#36: exit
2025/07/21 23:19:20 [notice] 1#1: signal 17 (SIGCHLD) received from 35
2025/07/21 23:19:20 [notice] 1#1: worker process 35 exited with code 0
2025/07/21 23:19:20 [notice] 1#1: signal 29 (SIGIO) received
2025/07/21 23:19:20 [notice] 1#1: signal 17 (SIGCHLD) received from 31
2025/07/21 23:19:20 [notice] 1#1: worker process 31 exited with code 0
2025/07/21 23:19:20 [notice] 1#1: signal 29 (SIGIO) received
2025/07/21 23:19:20 [notice] 1#1: signal 17 (SIGCHLD) received from 36
2025/07/21 23:19:20 [notice] 1#1: worker process 32 exited with code 0
2025/07/21 23:19:20 [notice] 1#1: worker process 29 exited with code 0
2025/07/21 23:19:20 [notice] 1#1: worker process 36 exited with code 0
2025/07/21 23:19:20 [notice] 1#1: signal 29 (SIGIO) received
2025/07/21 23:19:20 [notice] 1#1: signal 17 (SIGCHLD) received from 29
2025/07/21 23:19:20 [notice] 1#1: signal 17 (SIGCHLD) received from 33
2025/07/21 23:19:20 [notice] 1#1: worker process 33 exited with code 0
2025/07/21 23:19:20 [notice] 1#1: signal 29 (SIGIO) received
2025/07/21 23:19:20 [notice] 1#1: signal 17 (SIGCHLD) received from 34
2025/07/21 23:19:20 [notice] 1#1: worker process 34 exited with code 0
2025/07/21 23:19:20 [notice] 1#1: signal 29 (SIGIO) received
2025/07/21 23:19:20 [notice] 1#1: signal 17 (SIGCHLD) received from 30
2025/07/21 23:19:20 [notice] 1#1: worker process 30 exited with code 0
2025/07/21 23:19:20 [notice] 1#1: exit
2025/07/21 23:19:29 [notice] 1#1: using the "epoll" event method
2025/07/21 23:19:29 [notice] 1#1: nginx/1.29.0
2025/07/21 23:19:29 [notice] 1#1: built by gcc 14.2.0 (Alpine 14.2.0) 
2025/07/21 23:19:29 [notice] 1#1: OS: Linux 6.8.0-64-generic
2025/07/21 23:19:29 [notice] 1#1: getrlimit(RLIMIT_NOFILE): 1048576:1048576
2025/07/21 23:19:29 [notice] 1#1: start worker processes
2025/07/21 23:19:29 [notice] 1#1: start worker process 29
2025/07/21 23:19:29 [notice] 1#1: start worker process 30
2025/07/21 23:19:29 [notice] 1#1: start worker process 31
2025/07/21 23:19:29 [notice] 1#1: start worker process 32
2025/07/21 23:19:29 [notice] 1#1: start worker process 33
2025/07/21 23:19:29 [notice] 1#1: start worker process 34
2025/07/21 23:19:29 [notice] 1#1: start worker process 35
2025/07/21 23:19:29 [notice] 1#1: start worker process 36
2025/07/21 23:53:51 [notice] 1#1: signal 3 (SIGQUIT) received, shutting down
2025/07/21 23:53:51 [notice] 30#30: gracefully shutting down
2025/07/21 23:53:51 [notice] 29#29: gracefully shutting down
2025/07/21 23:53:51 [notice] 35#35: gracefully shutting down
2025/07/21 23:53:51 [notice] 31#31: gracefully shutting down
2025/07/21 23:53:51 [notice] 32#32: gracefully shutting down
2025/07/21 23:53:51 [notice] 30#30: exiting
2025/07/21 23:53:51 [notice] 29#29: exiting
2025/07/21 23:53:51 [notice] 35#35: exiting
2025/07/21 23:53:51 [notice] 31#31: exiting
2025/07/21 23:53:51 [notice] 32#32: exiting
2025/07/21 23:53:51 [notice] 33#33: gracefully shutting down
2025/07/21 23:53:51 [notice] 30#30: exit
2025/07/21 23:53:51 [notice] 35#35: exit
2025/07/21 23:53:51 [notice] 29#29: exit
2025/07/21 23:53:51 [notice] 31#31: exit
2025/07/21 23:53:51 [notice] 32#32: exit
2025/07/21 23:53:51 [notice] 33#33: exiting
2025/07/21 23:53:51 [notice] 33#33: exit
2025/07/21 23:53:51 [notice] 34#34: gracefully shutting down
2025/07/21 23:53:51 [notice] 34#34: exiting
2025/07/21 23:53:51 [notice] 34#34: exit
2025/07/21 23:53:51 [notice] 36#36: gracefully shutting down
2025/07/21 23:53:51 [notice] 36#36: exiting
2025/07/21 23:53:51 [notice] 36#36: exit
2025/07/21 23:53:51 [notice] 1#1: signal 17 (SIGCHLD) received from 30
2025/07/21 23:53:51 [notice] 1#1: worker process 30 exited with code 0
2025/07/21 23:53:51 [notice] 1#1: worker process 33 exited with code 0
2025/07/21 23:53:51 [notice] 1#1: signal 29 (SIGIO) received
2025/07/21 23:53:51 [notice] 1#1: signal 17 (SIGCHLD) received from 35
2025/07/21 23:53:51 [notice] 1#1: worker process 29 exited with code 0
2025/07/21 23:53:51 [notice] 1#1: worker process 35 exited with code 0
2025/07/21 23:53:51 [notice] 1#1: worker process 36 exited with code 0
2025/07/21 23:53:51 [notice] 1#1: signal 29 (SIGIO) received
2025/07/21 23:53:51 [notice] 1#1: signal 17 (SIGCHLD) received from 29
2025/07/21 23:53:51 [notice] 1#1: signal 17 (SIGCHLD) received from 34
2025/07/21 23:53:51 [notice] 1#1: worker process 31 exited with code 0
2025/07/21 23:53:51 [notice] 1#1: worker process 34 exited with code 0
2025/07/21 23:53:51 [notice] 1#1: signal 29 (SIGIO) received
2025/07/21 23:53:51 [notice] 1#1: signal 17 (SIGCHLD) received from 31
2025/07/21 23:53:51 [notice] 1#1: signal 17 (SIGCHLD) received from 32
2025/07/21 23:53:51 [notice] 1#1: worker process 32 exited with code 0
2025/07/21 23:53:51 [notice] 1#1: exit
2025/07/22 00:26:19 [notice] 1#1: using the "epoll" event method
2025/07/22 00:26:19 [notice] 1#1: nginx/1.29.0
2025/07/22 00:26:19 [notice] 1#1: built by gcc 14.2.0 (Alpine 14.2.0) 
2025/07/22 00:26:19 [notice] 1#1: OS: Linux 6.8.0-64-generic
2025/07/22 00:26:19 [notice] 1#1: getrlimit(RLIMIT_NOFILE): 1048576:1048576
2025/07/22 00:26:19 [notice] 1#1: start worker processes
2025/07/22 00:26:19 [notice] 1#1: start worker process 29
2025/07/22 00:26:19 [notice] 1#1: start worker process 30
2025/07/22 00:26:19 [notice] 1#1: start worker process 31
2025/07/22 00:26:19 [notice] 1#1: start worker process 32
2025/07/22 00:26:19 [notice] 1#1: start worker process 33
2025/07/22 00:26:19 [notice] 1#1: start worker process 34
2025/07/22 00:26:19 [notice] 1#1: start worker process 35
2025/07/22 00:26:19 [notice] 1#1: start worker process 36
2025/07/22 01:57:02 [notice] 1#1: signal 3 (SIGQUIT) received, shutting down
2025/07/22 01:57:02 [notice] 34#34: gracefully shutting down
2025/07/22 01:57:02 [notice] 34#34: exiting
2025/07/22 01:57:02 [notice] 34#34: exit
2025/07/22 01:57:02 [notice] 29#29: gracefully shutting down
2025/07/22 01:57:02 [notice] 29#29: exiting
2025/07/22 01:57:02 [notice] 30#30: gracefully shutting down
2025/07/22 01:57:02 [notice] 31#31: gracefully shutting down
2025/07/22 01:57:02 [notice] 32#32: gracefully shutting down
2025/07/22 01:57:02 [notice] 31#31: exiting
2025/07/22 01:57:02 [notice] 36#36: gracefully shutting down
2025/07/22 01:57:02 [notice] 36#36: exiting
2025/07/22 01:57:02 [notice] 36#36: exit
2025/07/22 01:57:02 [notice] 29#29: exit
2025/07/22 01:57:02 [notice] 31#31: exit
2025/07/22 01:57:02 [notice] 33#33: gracefully shutting down
2025/07/22 01:57:02 [notice] 33#33: exiting
2025/07/22 01:57:02 [notice] 33#33: exit
2025/07/22 01:57:02 [notice] 35#35: gracefully shutting down
2025/07/22 01:57:02 [notice] 35#35: exiting
2025/07/22 01:57:02 [notice] 35#35: exit
2025/07/22 01:57:02 [notice] 32#32: exiting
2025/07/22 01:57:02 [notice] 32#32: exit
2025/07/22 01:57:02 [notice] 30#30: exiting
2025/07/22 01:57:02 [notice] 30#30: exit
2025/07/22 01:57:02 [notice] 1#1: signal 17 (SIGCHLD) received from 34
2025/07/22 01:57:02 [notice] 1#1: worker process 34 exited with code 0
2025/07/22 01:57:02 [notice] 1#1: signal 29 (SIGIO) received
2025/07/22 01:57:02 [notice] 1#1: signal 17 (SIGCHLD) received from 29
2025/07/22 01:57:02 [notice] 1#1: worker process 29 exited with code 0
2025/07/22 01:57:02 [notice] 1#1: signal 29 (SIGIO) received
2025/07/22 01:57:02 [notice] 1#1: signal 17 (SIGCHLD) received from 32
2025/07/22 01:57:02 [notice] 1#1: worker process 31 exited with code 0
2025/07/22 01:57:02 [notice] 1#1: worker process 32 exited with code 0
2025/07/22 01:57:02 [notice] 1#1: worker process 33 exited with code 0
2025/07/22 01:57:02 [notice] 1#1: worker process 35 exited with code 0
2025/07/22 01:57:02 [notice] 1#1: worker process 36 exited with code 0
2025/07/22 01:57:02 [notice] 1#1: signal 29 (SIGIO) received
2025/07/22 01:57:02 [notice] 1#1: signal 17 (SIGCHLD) received from 35
2025/07/22 01:57:02 [notice] 1#1: signal 17 (SIGCHLD) received from 30
2025/07/22 01:57:02 [notice] 1#1: worker process 30 exited with code 0
2025/07/22 01:57:02 [notice] 1#1: exit
2025/07/22 12:35:28 [notice] 1#1: using the "epoll" event method
2025/07/22 12:35:28 [notice] 1#1: nginx/1.29.0
2025/07/22 12:35:28 [notice] 1#1: built by gcc 14.2.0 (Alpine 14.2.0) 
2025/07/22 12:35:28 [notice] 1#1: OS: Linux 6.8.0-64-generic
2025/07/22 12:35:28 [notice] 1#1: getrlimit(RLIMIT_NOFILE): 1048576:1048576
2025/07/22 12:35:28 [notice] 1#1: start worker processes
2025/07/22 12:35:28 [notice] 1#1: start worker process 29
2025/07/22 12:35:28 [notice] 1#1: start worker process 30
2025/07/22 12:35:28 [notice] 1#1: start worker process 31
2025/07/22 12:35:28 [notice] 1#1: start worker process 32
2025/07/22 12:35:28 [notice] 1#1: start worker process 33
2025/07/22 12:35:28 [notice] 1#1: start worker process 34
2025/07/22 12:35:28 [notice] 1#1: start worker process 35
2025/07/22 12:35:28 [notice] 1#1: start worker process 36
2025/07/22 12:38:16 [notice] 1#1: signal 3 (SIGQUIT) received, shutting down
2025/07/22 12:38:16 [notice] 32#32: gracefully shutting down
2025/07/22 12:38:16 [notice] 35#35: gracefully shutting down
2025/07/22 12:38:16 [notice] 34#34: gracefully shutting down
2025/07/22 12:38:16 [notice] 30#30: gracefully shutting down
2025/07/22 12:38:16 [notice] 30#30: exiting
2025/07/22 12:38:16 [notice] 36#36: gracefully shutting down
2025/07/22 12:38:16 [notice] 36#36: exiting
2025/07/22 12:38:16 [notice] 32#32: exiting
2025/07/22 12:38:16 [notice] 30#30: exit
2025/07/22 12:38:16 [notice] 35#35: exiting
2025/07/22 12:38:16 [notice] 36#36: exit
2025/07/22 12:38:16 [notice] 32#32: exit
2025/07/22 12:38:16 [notice] 34#34: exiting
2025/07/22 12:38:16 [notice] 31#31: gracefully shutting down
2025/07/22 12:38:16 [notice] 29#29: gracefully shutting down
2025/07/22 12:38:16 [notice] 31#31: exiting
2025/07/22 12:38:16 [notice] 29#29: exiting
2025/07/22 12:38:16 [notice] 35#35: exit
2025/07/22 12:38:16 [notice] 31#31: exit
2025/07/22 12:38:16 [notice] 29#29: exit
2025/07/22 12:38:16 [notice] 34#34: exit
2025/07/22 12:38:16 [notice] 33#33: gracefully shutting down
2025/07/22 12:38:16 [notice] 33#33: exiting
2025/07/22 12:38:16 [notice] 33#33: exit
2025/07/22 12:38:17 [notice] 1#1: signal 17 (SIGCHLD) received from 30
2025/07/22 12:38:17 [notice] 1#1: worker process 30 exited with code 0
2025/07/22 12:38:17 [notice] 1#1: signal 29 (SIGIO) received
2025/07/22 12:38:17 [notice] 1#1: signal 17 (SIGCHLD) received from 31
2025/07/22 12:38:17 [notice] 1#1: worker process 31 exited with code 0
2025/07/22 12:38:17 [notice] 1#1: worker process 34 exited with code 0
2025/07/22 12:38:17 [notice] 1#1: signal 29 (SIGIO) received
2025/07/22 12:38:17 [notice] 1#1: signal 17 (SIGCHLD) received from 34
2025/07/22 12:38:17 [notice] 1#1: worker process 32 exited with code 0
2025/07/22 12:38:17 [notice] 1#1: signal 29 (SIGIO) received
2025/07/22 12:38:17 [notice] 1#1: signal 17 (SIGCHLD) received from 36
2025/07/22 12:38:17 [notice] 1#1: worker process 36 exited with code 0
2025/07/22 12:38:17 [notice] 1#1: worker process 29 exited with code 0
2025/07/22 12:38:17 [notice] 1#1: worker process 35 exited with code 0
2025/07/22 12:38:17 [notice] 1#1: signal 29 (SIGIO) received
2025/07/22 12:38:17 [notice] 1#1: signal 17 (SIGCHLD) received from 29
2025/07/22 12:38:17 [notice] 1#1: signal 17 (SIGCHLD) received from 33
2025/07/22 12:38:17 [notice] 1#1: worker process 33 exited with code 0
2025/07/22 12:38:17 [notice] 1#1: exit
2025/07/22 12:38:17 [notice] 1#1: using the "epoll" event method
2025/07/22 12:38:17 [notice] 1#1: nginx/1.29.0
2025/07/22 12:38:17 [notice] 1#1: built by gcc 14.2.0 (Alpine 14.2.0) 
2025/07/22 12:38:17 [notice] 1#1: OS: Linux 6.8.0-64-generic
2025/07/22 12:38:17 [notice] 1#1: getrlimit(RLIMIT_NOFILE): 1048576:1048576
2025/07/22 12:38:17 [notice] 1#1: start worker processes
2025/07/22 12:38:17 [notice] 1#1: start worker process 29
2025/07/22 12:38:17 [notice] 1#1: start worker process 30
2025/07/22 12:38:17 [notice] 1#1: start worker process 31
2025/07/22 12:38:17 [notice] 1#1: start worker process 32
2025/07/22 12:38:17 [notice] 1#1: start worker process 33
2025/07/22 12:38:17 [notice] 1#1: start worker process 34
2025/07/22 12:38:17 [notice] 1#1: start worker process 35
2025/07/22 12:38:17 [notice] 1#1: start worker process 36
2025/07/22 12:40:02 [notice] 1#1: signal 3 (SIGQUIT) received, shutting down
2025/07/22 12:40:02 [notice] 30#30: gracefully shutting down
2025/07/22 12:40:02 [notice] 32#32: gracefully shutting down
2025/07/22 12:40:02 [notice] 34#34: gracefully shutting down
2025/07/22 12:40:02 [notice] 29#29: gracefully shutting down
2025/07/22 12:40:02 [notice] 30#30: exiting
2025/07/22 12:40:02 [notice] 32#32: exiting
2025/07/22 12:40:02 [notice] 34#34: exiting
2025/07/22 12:40:02 [notice] 29#29: exiting
2025/07/22 12:40:02 [notice] 30#30: exit
2025/07/22 12:40:02 [notice] 29#29: exit
2025/07/22 12:40:02 [notice] 34#34: exit
2025/07/22 12:40:02 [notice] 32#32: exit
2025/07/22 12:40:02 [notice] 31#31: gracefully shutting down
2025/07/22 12:40:02 [notice] 31#31: exiting
2025/07/22 12:40:02 [notice] 31#31: exit
2025/07/22 12:40:02 [notice] 36#36: gracefully shutting down
2025/07/22 12:40:02 [notice] 36#36: exiting
2025/07/22 12:40:02 [notice] 33#33: gracefully shutting down
2025/07/22 12:40:02 [notice] 33#33: exiting
2025/07/22 12:40:02 [notice] 36#36: exit
2025/07/22 12:40:02 [notice] 33#33: exit
2025/07/22 12:40:02 [notice] 35#35: gracefully shutting down
2025/07/22 12:40:02 [notice] 35#35: exiting
2025/07/22 12:40:02 [notice] 35#35: exit
2025/07/22 12:40:02 [notice] 1#1: signal 17 (SIGCHLD) received from 30
2025/07/22 12:40:02 [notice] 1#1: worker process 29 exited with code 0
2025/07/22 12:40:02 [notice] 1#1: worker process 30 exited with code 0
2025/07/22 12:40:02 [notice] 1#1: worker process 31 exited with code 0
2025/07/22 12:40:02 [notice] 1#1: worker process 32 exited with code 0
2025/07/22 12:40:02 [notice] 1#1: worker process 34 exited with code 0
2025/07/22 12:40:02 [notice] 1#1: signal 29 (SIGIO) received
2025/07/22 12:40:02 [notice] 1#1: signal 17 (SIGCHLD) received from 29
2025/07/22 12:40:02 [notice] 1#1: signal 17 (SIGCHLD) received from 36
2025/07/22 12:40:02 [notice] 1#1: worker process 36 exited with code 0
2025/07/22 12:40:02 [notice] 1#1: signal 29 (SIGIO) received
2025/07/22 12:40:02 [notice] 1#1: signal 17 (SIGCHLD) received from 35
2025/07/22 12:40:02 [notice] 1#1: worker process 35 exited with code 0
2025/07/22 12:40:02 [notice] 1#1: signal 17 (SIGCHLD) received from 33
2025/07/22 12:40:02 [notice] 1#1: worker process 33 exited with code 0
2025/07/22 12:40:02 [notice] 1#1: exit
2025/07/22 12:40:03 [notice] 1#1: using the "epoll" event method
2025/07/22 12:40:03 [notice] 1#1: nginx/1.29.0
2025/07/22 12:40:03 [notice] 1#1: built by gcc 14.2.0 (Alpine 14.2.0) 
2025/07/22 12:40:03 [notice] 1#1: OS: Linux 6.8.0-64-generic
2025/07/22 12:40:03 [notice] 1#1: getrlimit(RLIMIT_NOFILE): 1048576:1048576
2025/07/22 12:40:03 [notice] 1#1: start worker processes
2025/07/22 12:40:03 [notice] 1#1: start worker process 29
2025/07/22 12:40:03 [notice] 1#1: start worker process 30
2025/07/22 12:40:03 [notice] 1#1: start worker process 31
2025/07/22 12:40:03 [notice] 1#1: start worker process 32
2025/07/22 12:40:03 [notice] 1#1: start worker process 33
2025/07/22 12:40:03 [notice] 1#1: start worker process 34
2025/07/22 12:40:03 [notice] 1#1: start worker process 35
2025/07/22 12:40:03 [notice] 1#1: start worker process 36
2025/07/22 12:42:48 [notice] 1#1: signal 3 (SIGQUIT) received, shutting down
2025/07/22 12:42:48 [notice] 29#29: gracefully shutting down
2025/07/22 12:42:48 [notice] 29#29: exiting
2025/07/22 12:42:48 [notice] 31#31: gracefully shutting down
2025/07/22 12:42:48 [notice] 31#31: exiting
2025/07/22 12:42:48 [notice] 32#32: gracefully shutting down
2025/07/22 12:42:48 [notice] 32#32: exiting
2025/07/22 12:42:48 [notice] 31#31: exit
2025/07/22 12:42:48 [notice] 32#32: exit
2025/07/22 12:42:48 [notice] 30#30: gracefully shutting down
2025/07/22 12:42:48 [notice] 35#35: gracefully shutting down
2025/07/22 12:42:48 [notice] 34#34: gracefully shutting down
2025/07/22 12:42:48 [notice] 30#30: exiting
2025/07/22 12:42:48 [notice] 35#35: exiting
2025/07/22 12:42:48 [notice] 34#34: exiting
2025/07/22 12:42:48 [notice] 35#35: exit
2025/07/22 12:42:48 [notice] 30#30: exit
2025/07/22 12:42:48 [notice] 34#34: exit
2025/07/22 12:42:48 [notice] 36#36: gracefully shutting down
2025/07/22 12:42:48 [notice] 36#36: exiting
2025/07/22 12:42:48 [notice] 36#36: exit
2025/07/22 12:42:48 [notice] 33#33: gracefully shutting down
2025/07/22 12:42:48 [notice] 33#33: exiting
2025/07/22 12:42:48 [notice] 33#33: exit
2025/07/22 12:42:48 [notice] 29#29: exit
2025/07/22 12:42:48 [notice] 1#1: signal 17 (SIGCHLD) received from 31
2025/07/22 12:42:48 [notice] 1#1: worker process 31 exited with code 0
2025/07/22 12:42:48 [notice] 1#1: signal 29 (SIGIO) received
2025/07/22 12:42:48 [notice] 1#1: signal 17 (SIGCHLD) received from 33
2025/07/22 12:42:48 [notice] 1#1: worker process 32 exited with code 0
2025/07/22 12:42:48 [notice] 1#1: worker process 33 exited with code 0
2025/07/22 12:42:48 [notice] 1#1: worker process 34 exited with code 0
2025/07/22 12:42:48 [notice] 1#1: worker process 35 exited with code 0
2025/07/22 12:42:48 [notice] 1#1: signal 29 (SIGIO) received
2025/07/22 12:42:48 [notice] 1#1: signal 17 (SIGCHLD) received from 32
2025/07/22 12:42:48 [notice] 1#1: signal 17 (SIGCHLD) received from 36
2025/07/22 12:42:48 [notice] 1#1: worker process 36 exited with code 0
2025/07/22 12:42:48 [notice] 1#1: signal 29 (SIGIO) received
2025/07/22 12:42:48 [notice] 1#1: signal 17 (SIGCHLD) received from 30
2025/07/22 12:42:48 [notice] 1#1: worker process 29 exited with code 0
2025/07/22 12:42:48 [notice] 1#1: worker process 30 exited with code 0
2025/07/22 12:42:48 [notice] 1#1: exit
2025/07/22 12:42:49 [notice] 1#1: using the "epoll" event method
2025/07/22 12:42:49 [notice] 1#1: nginx/1.29.0
2025/07/22 12:42:49 [notice] 1#1: built by gcc 14.2.0 (Alpine 14.2.0) 
2025/07/22 12:42:49 [notice] 1#1: OS: Linux 6.8.0-64-generic
2025/07/22 12:42:49 [notice] 1#1: getrlimit(RLIMIT_NOFILE): 1048576:1048576
2025/07/22 12:42:49 [notice] 1#1: start worker processes
2025/07/22 12:42:49 [notice] 1#1: start worker process 29
2025/07/22 12:42:49 [notice] 1#1: start worker process 30
2025/07/22 12:42:49 [notice] 1#1: start worker process 31
2025/07/22 12:42:49 [notice] 1#1: start worker process 32
2025/07/22 12:42:49 [notice] 1#1: start worker process 33
2025/07/22 12:42:49 [notice] 1#1: start worker process 34
2025/07/22 12:42:49 [notice] 1#1: start worker process 35
2025/07/22 12:42:49 [notice] 1#1: start worker process 36
2025/07/22 12:43:24 [notice] 1#1: signal 3 (SIGQUIT) received, shutting down
2025/07/22 12:43:24 [notice] 29#29: gracefully shutting down
2025/07/22 12:43:24 [notice] 31#31: gracefully shutting down
2025/07/22 12:43:24 [notice] 31#31: exiting
2025/07/22 12:43:24 [notice] 34#34: gracefully shutting down
2025/07/22 12:43:24 [notice] 30#30: gracefully shutting down
2025/07/22 12:43:24 [notice] 32#32: gracefully shutting down
2025/07/22 12:43:24 [notice] 32#32: exiting
2025/07/22 12:43:24 [notice] 29#29: exiting
2025/07/22 12:43:24 [notice] 33#33: gracefully shutting down
2025/07/22 12:43:24 [notice] 35#35: gracefully shutting down
2025/07/22 12:43:24 [notice] 33#33: exiting
2025/07/22 12:43:24 [notice] 35#35: exiting
2025/07/22 12:43:24 [notice] 32#32: exit
2025/07/22 12:43:24 [notice] 36#36: gracefully shutting down
2025/07/22 12:43:24 [notice] 29#29: exit
2025/07/22 12:43:24 [notice] 36#36: exiting
2025/07/22 12:43:24 [notice] 33#33: exit
2025/07/22 12:43:24 [notice] 35#35: exit
2025/07/22 12:43:24 [notice] 36#36: exit
2025/07/22 12:43:24 [notice] 31#31: exit
2025/07/22 12:43:24 [notice] 34#34: exiting
2025/07/22 12:43:24 [notice] 34#34: exit
2025/07/22 12:43:24 [notice] 1#1: signal 17 (SIGCHLD) received from 35
2025/07/22 12:43:24 [notice] 1#1: worker process 31 exited with code 0
2025/07/22 12:43:24 [notice] 1#1: worker process 35 exited with code 0
2025/07/22 12:43:24 [notice] 1#1: signal 29 (SIGIO) received
2025/07/22 12:43:24 [notice] 1#1: signal 17 (SIGCHLD) received from 31
2025/07/22 12:43:24 [notice] 1#1: signal 17 (SIGCHLD) received from 33
2025/07/22 12:43:24 [notice] 1#1: worker process 33 exited with code 0
2025/07/22 12:43:24 [notice] 1#1: worker process 34 exited with code 0
2025/07/22 12:43:24 [notice] 1#1: worker process 36 exited with code 0
2025/07/22 12:43:24 [notice] 1#1: signal 29 (SIGIO) received
2025/07/22 12:43:24 [notice] 1#1: signal 17 (SIGCHLD) received from 34
2025/07/22 12:43:24 [notice] 1#1: signal 17 (SIGCHLD) received from 32
2025/07/22 12:43:24 [notice] 1#1: worker process 29 exited with code 0
2025/07/22 12:43:24 [notice] 1#1: worker process 32 exited with code 0
2025/07/22 12:43:24 [notice] 1#1: signal 29 (SIGIO) received
2025/07/22 12:43:24 [notice] 30#30: exiting
2025/07/22 12:43:24 [notice] 30#30: exit
2025/07/22 12:43:24 [notice] 1#1: signal 17 (SIGCHLD) received from 30
2025/07/22 12:43:24 [notice] 1#1: worker process 30 exited with code 0
2025/07/22 12:43:24 [notice] 1#1: exit
2025/07/22 12:43:25 [notice] 1#1: using the "epoll" event method
2025/07/22 12:43:25 [notice] 1#1: nginx/1.29.0
2025/07/22 12:43:25 [notice] 1#1: built by gcc 14.2.0 (Alpine 14.2.0) 
2025/07/22 12:43:25 [notice] 1#1: OS: Linux 6.8.0-64-generic
2025/07/22 12:43:25 [notice] 1#1: getrlimit(RLIMIT_NOFILE): 1048576:1048576
2025/07/22 12:43:25 [notice] 1#1: start worker processes
2025/07/22 12:43:25 [notice] 1#1: start worker process 29
2025/07/22 12:43:25 [notice] 1#1: start worker process 30
2025/07/22 12:43:25 [notice] 1#1: start worker process 31
2025/07/22 12:43:25 [notice] 1#1: start worker process 32
2025/07/22 12:43:25 [notice] 1#1: start worker process 33
2025/07/22 12:43:25 [notice] 1#1: start worker process 34
2025/07/22 12:43:25 [notice] 1#1: start worker process 35
2025/07/22 12:43:25 [notice] 1#1: start worker process 36
2025/07/22 12:59:35 [notice] 1#1: signal 3 (SIGQUIT) received, shutting down
2025/07/22 12:59:35 [notice] 32#32: gracefully shutting down
2025/07/22 12:59:35 [notice] 33#33: gracefully shutting down
2025/07/22 12:59:35 [notice] 32#32: exiting
2025/07/22 12:59:35 [notice] 33#33: exiting
2025/07/22 12:59:35 [notice] 35#35: gracefully shutting down
2025/07/22 12:59:35 [notice] 29#29: gracefully shutting down
2025/07/22 12:59:35 [notice] 35#35: exiting
2025/07/22 12:59:35 [notice] 29#29: exiting
2025/07/22 12:59:35 [notice] 32#32: exit
2025/07/22 12:59:35 [notice] 35#35: exit
2025/07/22 12:59:35 [notice] 29#29: exit
2025/07/22 12:59:35 [notice] 31#31: gracefully shutting down
2025/07/22 12:59:35 [notice] 31#31: exiting
2025/07/22 12:59:35 [notice] 31#31: exit
2025/07/22 12:59:35 [notice] 36#36: gracefully shutting down
2025/07/22 12:59:35 [notice] 36#36: exiting
2025/07/22 12:59:35 [notice] 36#36: exit
2025/07/22 12:59:35 [notice] 34#34: gracefully shutting down
2025/07/22 12:59:35 [notice] 34#34: exiting
2025/07/22 12:59:35 [notice] 33#33: exit
2025/07/22 12:59:35 [notice] 30#30: gracefully shutting down
2025/07/22 12:59:35 [notice] 30#30: exiting
2025/07/22 12:59:35 [notice] 30#30: exit
2025/07/22 12:59:35 [notice] 34#34: exit
2025/07/22 12:59:35 [notice] 1#1: signal 17 (SIGCHLD) received from 30
2025/07/22 12:59:35 [notice] 1#1: worker process 30 exited with code 0
2025/07/22 12:59:35 [notice] 1#1: worker process 32 exited with code 0
2025/07/22 12:59:35 [notice] 1#1: signal 29 (SIGIO) received
2025/07/22 12:59:35 [notice] 1#1: signal 17 (SIGCHLD) received from 32
2025/07/22 12:59:35 [notice] 1#1: signal 17 (SIGCHLD) received from 35
2025/07/22 12:59:35 [notice] 1#1: worker process 35 exited with code 0
2025/07/22 12:59:35 [notice] 1#1: signal 29 (SIGIO) received
2025/07/22 12:59:35 [notice] 1#1: signal 17 (SIGCHLD) received from 29
2025/07/22 12:59:35 [notice] 1#1: worker process 29 exited with code 0
2025/07/22 12:59:35 [notice] 1#1: worker process 33 exited with code 0
2025/07/22 12:59:35 [notice] 1#1: worker process 36 exited with code 0
2025/07/22 12:59:35 [notice] 1#1: signal 29 (SIGIO) received
2025/07/22 12:59:35 [notice] 1#1: signal 17 (SIGCHLD) received from 34
2025/07/22 12:59:35 [notice] 1#1: worker process 34 exited with code 0
2025/07/22 12:59:35 [notice] 1#1: worker process 31 exited with code 0
2025/07/22 12:59:35 [notice] 1#1: exit
2025/07/22 12:59:35 [notice] 1#1: using the "epoll" event method
2025/07/22 12:59:35 [notice] 1#1: nginx/1.29.0
2025/07/22 12:59:35 [notice] 1#1: built by gcc 14.2.0 (Alpine 14.2.0) 
2025/07/22 12:59:35 [notice] 1#1: OS: Linux 6.8.0-64-generic
2025/07/22 12:59:35 [notice] 1#1: getrlimit(RLIMIT_NOFILE): 1048576:1048576
2025/07/22 12:59:35 [notice] 1#1: start worker processes
2025/07/22 12:59:35 [notice] 1#1: start worker process 28
2025/07/22 12:59:35 [notice] 1#1: start worker process 29
2025/07/22 12:59:35 [notice] 1#1: start worker process 30
2025/07/22 12:59:35 [notice] 1#1: start worker process 31
2025/07/22 12:59:35 [notice] 1#1: start worker process 32
2025/07/22 12:59:35 [notice] 1#1: start worker process 33
2025/07/22 12:59:35 [notice] 1#1: start worker process 34
2025/07/22 12:59:35 [notice] 1#1: start worker process 35
2025/07/22 13:00:54 [notice] 1#1: signal 3 (SIGQUIT) received, shutting down
2025/07/22 13:00:54 [notice] 28#28: gracefully shutting down
2025/07/22 13:00:54 [notice] 29#29: gracefully shutting down
2025/07/22 13:00:54 [notice] 30#30: gracefully shutting down
2025/07/22 13:00:54 [notice] 31#31: gracefully shutting down
2025/07/22 13:00:54 [notice] 32#32: gracefully shutting down
2025/07/22 13:00:54 [notice] 33#33: gracefully shutting down
2025/07/22 13:00:54 [notice] 28#28: exiting
2025/07/22 13:00:54 [notice] 29#29: exiting
2025/07/22 13:00:54 [notice] 30#30: exiting
2025/07/22 13:00:54 [notice] 31#31: exiting
2025/07/22 13:00:54 [notice] 32#32: exiting
2025/07/22 13:00:54 [notice] 33#33: exiting
2025/07/22 13:00:54 [notice] 29#29: exit
2025/07/22 13:00:54 [notice] 30#30: exit
2025/07/22 13:00:54 [notice] 31#31: exit
2025/07/22 13:00:54 [notice] 33#33: exit
2025/07/22 13:00:54 [notice] 28#28: exit
2025/07/22 13:00:54 [notice] 32#32: exit
2025/07/22 13:00:54 [notice] 34#34: gracefully shutting down
2025/07/22 13:00:54 [notice] 34#34: exiting
2025/07/22 13:00:54 [notice] 34#34: exit
2025/07/22 13:00:54 [notice] 35#35: gracefully shutting down
2025/07/22 13:00:54 [notice] 35#35: exiting
2025/07/22 13:00:54 [notice] 35#35: exit
2025/07/22 13:00:54 [notice] 1#1: signal 17 (SIGCHLD) received from 31
2025/07/22 13:00:54 [notice] 1#1: worker process 30 exited with code 0
2025/07/22 13:00:54 [notice] 1#1: worker process 31 exited with code 0
2025/07/22 13:00:54 [notice] 1#1: signal 29 (SIGIO) received
2025/07/22 13:00:54 [notice] 1#1: signal 17 (SIGCHLD) received from 34
2025/07/22 13:00:54 [notice] 1#1: worker process 34 exited with code 0
2025/07/22 13:00:54 [notice] 1#1: signal 29 (SIGIO) received
2025/07/22 13:00:54 [notice] 1#1: signal 17 (SIGCHLD) received from 33
2025/07/22 13:00:54 [notice] 1#1: worker process 29 exited with code 0
2025/07/22 13:00:54 [notice] 1#1: worker process 33 exited with code 0
2025/07/22 13:00:54 [notice] 1#1: signal 29 (SIGIO) received
2025/07/22 13:00:54 [notice] 1#1: signal 17 (SIGCHLD) received from 32
2025/07/22 13:00:54 [notice] 1#1: worker process 32 exited with code 0
2025/07/22 13:00:54 [notice] 1#1: signal 29 (SIGIO) received
2025/07/22 13:00:54 [notice] 1#1: signal 17 (SIGCHLD) received from 28
2025/07/22 13:00:54 [notice] 1#1: worker process 28 exited with code 0
2025/07/22 13:00:54 [notice] 1#1: signal 29 (SIGIO) received
2025/07/22 13:00:54 [notice] 1#1: signal 17 (SIGCHLD) received from 35
2025/07/22 13:00:54 [notice] 1#1: worker process 35 exited with code 0
2025/07/22 13:00:54 [notice] 1#1: exit
2025/07/22 13:02:04 [notice] 1#1: using the "epoll" event method
2025/07/22 13:02:04 [notice] 1#1: nginx/1.29.0
2025/07/22 13:02:04 [notice] 1#1: built by gcc 14.2.0 (Alpine 14.2.0) 
2025/07/22 13:02:04 [notice] 1#1: OS: Linux 6.8.0-64-generic
2025/07/22 13:02:04 [notice] 1#1: getrlimit(RLIMIT_NOFILE): 1048576:1048576
2025/07/22 13:02:04 [notice] 1#1: start worker processes
2025/07/22 13:02:04 [notice] 1#1: start worker process 29
2025/07/22 13:02:04 [notice] 1#1: start worker process 30
2025/07/22 13:02:04 [notice] 1#1: start worker process 31
2025/07/22 13:02:04 [notice] 1#1: start worker process 32
2025/07/22 13:02:04 [notice] 1#1: start worker process 33
2025/07/22 13:02:04 [notice] 1#1: start worker process 34
2025/07/22 13:02:04 [notice] 1#1: start worker process 35
2025/07/22 13:02:04 [notice] 1#1: start worker process 36
2025/07/22 13:02:56 [notice] 1#1: signal 3 (SIGQUIT) received, shutting down
2025/07/22 13:02:56 [notice] 29#29: gracefully shutting down
2025/07/22 13:02:56 [notice] 30#30: gracefully shutting down
2025/07/22 13:02:56 [notice] 31#31: gracefully shutting down
2025/07/22 13:02:56 [notice] 34#34: gracefully shutting down
2025/07/22 13:02:56 [notice] 35#35: gracefully shutting down
2025/07/22 13:02:56 [notice] 32#32: gracefully shutting down
2025/07/22 13:02:56 [notice] 30#30: exiting
2025/07/22 13:02:56 [notice] 31#31: exiting
2025/07/22 13:02:56 [notice] 34#34: exiting
2025/07/22 13:02:56 [notice] 35#35: exiting
2025/07/22 13:02:56 [notice] 32#32: exiting
2025/07/22 13:02:56 [notice] 36#36: gracefully shutting down
2025/07/22 13:02:56 [notice] 36#36: exiting
2025/07/22 13:02:56 [notice] 31#31: exit
2025/07/22 13:02:56 [notice] 30#30: exit
2025/07/22 13:02:56 [notice] 34#34: exit
2025/07/22 13:02:56 [notice] 32#32: exit
2025/07/22 13:02:56 [notice] 35#35: exit
2025/07/22 13:02:56 [notice] 36#36: exit
2025/07/22 13:02:56 [notice] 33#33: gracefully shutting down
2025/07/22 13:02:56 [notice] 33#33: exiting
2025/07/22 13:02:56 [notice] 33#33: exit
2025/07/22 13:02:56 [notice] 1#1: signal 17 (SIGCHLD) received from 34
2025/07/22 13:02:56 [notice] 1#1: worker process 34 exited with code 0
2025/07/22 13:02:56 [notice] 1#1: signal 29 (SIGIO) received
2025/07/22 13:02:56 [notice] 1#1: signal 17 (SIGCHLD) received from 36
2025/07/22 13:02:56 [notice] 1#1: worker process 36 exited with code 0
2025/07/22 13:02:56 [notice] 1#1: signal 29 (SIGIO) received
2025/07/22 13:02:56 [notice] 1#1: signal 17 (SIGCHLD) received from 30
2025/07/22 13:02:56 [notice] 1#1: worker process 30 exited with code 0
2025/07/22 13:02:56 [notice] 1#1: signal 29 (SIGIO) received
2025/07/22 13:02:56 [notice] 1#1: signal 17 (SIGCHLD) received from 31
2025/07/22 13:02:56 [notice] 1#1: worker process 31 exited with code 0
2025/07/22 13:02:56 [notice] 1#1: worker process 33 exited with code 0
2025/07/22 13:02:56 [notice] 1#1: signal 29 (SIGIO) received
2025/07/22 13:02:56 [notice] 1#1: signal 17 (SIGCHLD) received from 32
2025/07/22 13:02:56 [notice] 1#1: worker process 32 exited with code 0
2025/07/22 13:02:56 [notice] 1#1: signal 29 (SIGIO) received
2025/07/22 13:02:56 [notice] 1#1: signal 17 (SIGCHLD) received from 35
2025/07/22 13:02:56 [notice] 1#1: worker process 35 exited with code 0
2025/07/22 13:02:56 [notice] 1#1: signal 29 (SIGIO) received
2025/07/22 13:47:27 [notice] 1#1: using the "epoll" event method
2025/07/22 13:47:27 [notice] 1#1: nginx/1.29.0
2025/07/22 13:47:27 [notice] 1#1: built by gcc 14.2.0 (Alpine 14.2.0) 
2025/07/22 13:47:27 [notice] 1#1: OS: Linux 6.8.0-64-generic
2025/07/22 13:47:27 [notice] 1#1: getrlimit(RLIMIT_NOFILE): 1048576:1048576
2025/07/22 13:47:27 [notice] 1#1: start worker processes
2025/07/22 13:47:27 [notice] 1#1: start worker process 29
2025/07/22 13:47:27 [notice] 1#1: start worker process 30
2025/07/22 13:47:27 [notice] 1#1: start worker process 31
2025/07/22 13:47:27 [notice] 1#1: start worker process 32
2025/07/22 13:47:27 [notice] 1#1: start worker process 33
2025/07/22 13:47:27 [notice] 1#1: start worker process 34
2025/07/22 13:47:27 [notice] 1#1: start worker process 35
2025/07/22 13:47:27 [notice] 1#1: start worker process 36
2025/07/22 14:37:04 [notice] 1#1: signal 3 (SIGQUIT) received, shutting down
2025/07/22 14:37:04 [notice] 29#29: gracefully shutting down
2025/07/22 14:37:04 [notice] 33#33: gracefully shutting down
2025/07/22 14:37:04 [notice] 31#31: gracefully shutting down
2025/07/22 14:37:04 [notice] 32#32: gracefully shutting down
2025/07/22 14:37:04 [notice] 30#30: gracefully shutting down
2025/07/22 14:37:04 [notice] 33#33: exiting
2025/07/22 14:37:04 [notice] 31#31: exiting
2025/07/22 14:37:04 [notice] 32#32: exiting
2025/07/22 14:37:04 [notice] 34#34: gracefully shutting down
2025/07/22 14:37:04 [notice] 29#29: exiting
2025/07/22 14:37:04 [notice] 34#34: exiting
2025/07/22 14:37:04 [notice] 31#31: exit
2025/07/22 14:37:04 [notice] 33#33: exit
2025/07/22 14:37:04 [notice] 29#29: exit
2025/07/22 14:37:04 [notice] 34#34: exit
2025/07/22 14:37:04 [notice] 32#32: exit
2025/07/22 14:37:04 [notice] 35#35: gracefully shutting down
2025/07/22 14:37:04 [notice] 35#35: exiting
2025/07/22 14:37:04 [notice] 35#35: exit
2025/07/22 14:37:04 [notice] 36#36: gracefully shutting down
2025/07/22 14:37:04 [notice] 36#36: exiting
2025/07/22 14:37:04 [notice] 36#36: exit
2025/07/22 14:37:04 [notice] 1#1: signal 17 (SIGCHLD) received from 31
2025/07/22 14:37:04 [notice] 1#1: worker process 29 exited with code 0
2025/07/22 14:37:04 [notice] 1#1: worker process 31 exited with code 0
2025/07/22 14:37:04 [notice] 1#1: signal 29 (SIGIO) received
2025/07/22 14:37:04 [notice] 1#1: signal 17 (SIGCHLD) received from 33
2025/07/22 14:37:04 [notice] 1#1: worker process 33 exited with code 0
2025/07/22 14:37:04 [notice] 1#1: signal 29 (SIGIO) received
2025/07/22 14:37:04 [notice] 1#1: signal 17 (SIGCHLD) received from 34
2025/07/22 14:37:04 [notice] 1#1: worker process 34 exited with code 0
2025/07/22 14:37:04 [notice] 1#1: signal 29 (SIGIO) received
2025/07/22 14:37:04 [notice] 1#1: signal 17 (SIGCHLD) received from 35
2025/07/22 14:37:04 [notice] 1#1: worker process 35 exited with code 0
2025/07/22 14:37:04 [notice] 1#1: signal 29 (SIGIO) received
2025/07/22 14:37:04 [notice] 1#1: signal 17 (SIGCHLD) received from 36
2025/07/22 14:37:04 [notice] 1#1: worker process 36 exited with code 0
2025/07/22 14:37:04 [notice] 1#1: signal 29 (SIGIO) received
2025/07/22 14:37:04 [notice] 1#1: signal 17 (SIGCHLD) received from 32
2025/07/22 14:37:04 [notice] 1#1: worker process 32 exited with code 0
2025/07/22 14:37:04 [notice] 1#1: signal 29 (SIGIO) received
2025/07/22 14:38:55 [notice] 1#1: using the "epoll" event method
2025/07/22 14:38:55 [notice] 1#1: nginx/1.29.0
2025/07/22 14:38:55 [notice] 1#1: built by gcc 14.2.0 (Alpine 14.2.0) 
2025/07/22 14:38:55 [notice] 1#1: OS: Linux 6.8.0-64-generic
2025/07/22 14:38:55 [notice] 1#1: getrlimit(RLIMIT_NOFILE): 1048576:1048576
2025/07/22 14:38:55 [notice] 1#1: start worker processes
2025/07/22 14:38:55 [notice] 1#1: start worker process 29
2025/07/22 14:38:55 [notice] 1#1: start worker process 30
2025/07/22 14:38:55 [notice] 1#1: start worker process 31
2025/07/22 14:38:55 [notice] 1#1: start worker process 32
2025/07/22 14:38:55 [notice] 1#1: start worker process 33
2025/07/22 14:38:55 [notice] 1#1: start worker process 34
2025/07/22 14:38:55 [notice] 1#1: start worker process 35
2025/07/22 14:38:55 [notice] 1#1: start worker process 36
2025/07/22 15:46:27 [notice] 1#1: signal 3 (SIGQUIT) received, shutting down
2025/07/22 15:46:27 [notice] 30#30: gracefully shutting down
2025/07/22 15:46:27 [notice] 30#30: exiting
2025/07/22 15:46:27 [notice] 30#30: exit
2025/07/22 15:46:27 [notice] 29#29: gracefully shutting down
2025/07/22 15:46:27 [notice] 29#29: exiting
2025/07/22 15:46:27 [notice] 29#29: exit
2025/07/22 15:46:27 [notice] 31#31: gracefully shutting down
2025/07/22 15:46:27 [notice] 31#31: exiting
2025/07/22 15:46:27 [notice] 31#31: exit
2025/07/22 15:46:27 [notice] 34#34: gracefully shutting down
2025/07/22 15:46:27 [notice] 34#34: exiting
2025/07/22 15:46:27 [notice] 34#34: exit
2025/07/22 15:46:27 [notice] 32#32: gracefully shutting down
2025/07/22 15:46:27 [notice] 32#32: exiting
2025/07/22 15:46:27 [notice] 32#32: exit
2025/07/22 15:46:27 [notice] 33#33: gracefully shutting down
2025/07/22 15:46:27 [notice] 33#33: exiting
2025/07/22 15:46:27 [notice] 33#33: exit
2025/07/22 15:46:27 [notice] 1#1: signal 17 (SIGCHLD) received from 29
2025/07/22 15:46:27 [notice] 1#1: worker process 29 exited with code 0
2025/07/22 15:46:27 [notice] 1#1: signal 29 (SIGIO) received
2025/07/22 15:46:27 [notice] 1#1: signal 17 (SIGCHLD) received from 34
2025/07/22 15:46:27 [notice] 1#1: worker process 34 exited with code 0
2025/07/22 15:46:27 [notice] 1#1: signal 29 (SIGIO) received
2025/07/22 15:46:27 [notice] 36#36: gracefully shutting down
2025/07/22 15:46:27 [notice] 36#36: exiting
2025/07/22 15:46:27 [notice] 36#36: exit
2025/07/22 15:46:27 [notice] 35#35: gracefully shutting down
2025/07/22 15:46:27 [notice] 35#35: exiting
2025/07/22 15:46:27 [notice] 35#35: exit
2025/07/22 15:46:27 [notice] 1#1: signal 17 (SIGCHLD) received from 31
2025/07/22 15:46:27 [notice] 1#1: worker process 31 exited with code 0
2025/07/22 15:46:27 [notice] 1#1: signal 29 (SIGIO) received
2025/07/22 15:46:27 [notice] 1#1: signal 17 (SIGCHLD) received from 30
2025/07/22 15:46:27 [notice] 1#1: worker process 30 exited with code 0
2025/07/22 15:46:27 [notice] 1#1: signal 29 (SIGIO) received
2025/07/22 15:46:27 [notice] 1#1: signal 17 (SIGCHLD) received from 35
2025/07/22 15:46:27 [notice] 1#1: worker process 35 exited with code 0
2025/07/22 15:46:27 [notice] 1#1: signal 29 (SIGIO) received
2025/07/22 15:46:27 [notice] 1#1: signal 17 (SIGCHLD) received from 36
2025/07/22 15:46:27 [notice] 1#1: worker process 36 exited with code 0
2025/07/22 15:46:27 [notice] 1#1: signal 29 (SIGIO) received
2025/07/22 15:46:27 [notice] 1#1: signal 17 (SIGCHLD) received from 33
2025/07/22 15:46:27 [notice] 1#1: worker process 33 exited with code 0
2025/07/22 15:46:27 [notice] 1#1: signal 29 (SIGIO) received
2025/07/22 15:46:27 [notice] 1#1: signal 17 (SIGCHLD) received from 32
2025/07/22 15:46:27 [notice] 1#1: worker process 32 exited with code 0
2025/07/22 15:46:27 [notice] 1#1: exit
2025/07/24 13:05:03 [notice] 1#1: using the "epoll" event method
2025/07/24 13:05:03 [notice] 1#1: nginx/1.29.0
2025/07/24 13:05:03 [notice] 1#1: built by gcc 14.2.0 (Alpine 14.2.0) 
2025/07/24 13:05:03 [notice] 1#1: OS: Linux 6.8.0-64-generic
2025/07/24 13:05:03 [notice] 1#1: getrlimit(RLIMIT_NOFILE): 1048576:1048576
2025/07/24 13:05:03 [notice] 1#1: start worker processes
2025/07/24 13:05:03 [notice] 1#1: start worker process 29
2025/07/24 13:05:03 [notice] 1#1: start worker process 30
2025/07/24 13:05:03 [notice] 1#1: start worker process 31
2025/07/24 13:05:03 [notice] 1#1: start worker process 32
2025/07/24 13:05:03 [notice] 1#1: start worker process 33
2025/07/24 13:05:03 [notice] 1#1: start worker process 34
2025/07/24 13:05:03 [notice] 1#1: start worker process 35
2025/07/24 13:05:03 [notice] 1#1: start worker process 36
2025/07/24 13:17:56 [notice] 1#1: signal 3 (SIGQUIT) received, shutting down
2025/07/24 13:17:56 [notice] 31#31: gracefully shutting down
2025/07/24 13:17:56 [notice] 34#34: gracefully shutting down
2025/07/24 13:17:56 [notice] 29#29: gracefully shutting down
2025/07/24 13:17:56 [notice] 34#34: exiting
2025/07/24 13:17:56 [notice] 29#29: exiting
2025/07/24 13:17:56 [notice] 35#35: gracefully shutting down
2025/07/24 13:17:56 [notice] 31#31: exiting
2025/07/24 13:17:56 [notice] 33#33: gracefully shutting down
2025/07/24 13:17:56 [notice] 33#33: exiting
2025/07/24 13:17:56 [notice] 36#36: gracefully shutting down
2025/07/24 13:17:56 [notice] 36#36: exiting
2025/07/24 13:17:56 [notice] 35#35: exiting
2025/07/24 13:17:56 [notice] 29#29: exit
2025/07/24 13:17:56 [notice] 34#34: exit
2025/07/24 13:17:56 [notice] 31#31: exit
2025/07/24 13:17:56 [notice] 33#33: exit
2025/07/24 13:17:56 [notice] 36#36: exit
2025/07/24 13:17:56 [notice] 35#35: exit
2025/07/24 13:17:56 [notice] 30#30: gracefully shutting down
2025/07/24 13:17:56 [notice] 30#30: exiting
2025/07/24 13:17:56 [notice] 30#30: exit
2025/07/24 13:17:56 [notice] 32#32: gracefully shutting down
2025/07/24 13:17:57 [notice] 1#1: signal 17 (SIGCHLD) received from 29
2025/07/24 13:17:57 [notice] 1#1: worker process 29 exited with code 0
2025/07/24 13:17:57 [notice] 1#1: worker process 34 exited with code 0
2025/07/24 13:17:57 [notice] 1#1: worker process 35 exited with code 0
2025/07/24 13:17:57 [notice] 1#1: worker process 36 exited with code 0
2025/07/24 13:17:57 [notice] 1#1: signal 29 (SIGIO) received
2025/07/24 13:17:57 [notice] 1#1: signal 17 (SIGCHLD) received from 31
2025/07/24 13:17:57 [notice] 1#1: worker process 31 exited with code 0
2025/07/24 13:17:57 [notice] 1#1: signal 29 (SIGIO) received
2025/07/24 13:17:57 [notice] 1#1: signal 17 (SIGCHLD) received from 33
2025/07/24 13:17:57 [notice] 1#1: worker process 33 exited with code 0
2025/07/24 13:17:57 [notice] 1#1: signal 29 (SIGIO) received
2025/07/24 13:17:57 [notice] 1#1: signal 17 (SIGCHLD) received from 30
2025/07/24 13:17:57 [notice] 1#1: worker process 30 exited with code 0
2025/07/24 13:17:57 [notice] 1#1: signal 29 (SIGIO) received
2025/07/24 13:17:57 [notice] 32#32: exiting
2025/07/24 13:17:57 [notice] 32#32: exit
2025/07/24 13:17:57 [notice] 1#1: signal 17 (SIGCHLD) received from 32
2025/07/24 13:17:57 [notice] 1#1: worker process 32 exited with code 0
2025/07/24 13:17:57 [notice] 1#1: exit
2025/07/24 13:17:57 [notice] 1#1: using the "epoll" event method
2025/07/24 13:17:57 [notice] 1#1: nginx/1.29.0
2025/07/24 13:17:57 [notice] 1#1: built by gcc 14.2.0 (Alpine 14.2.0) 
2025/07/24 13:17:57 [notice] 1#1: OS: Linux 6.8.0-64-generic
2025/07/24 13:17:57 [notice] 1#1: getrlimit(RLIMIT_NOFILE): 1048576:1048576
2025/07/24 13:17:57 [notice] 1#1: start worker processes
2025/07/24 13:17:57 [notice] 1#1: start worker process 29
2025/07/24 13:17:57 [notice] 1#1: start worker process 30
2025/07/24 13:17:57 [notice] 1#1: start worker process 31
2025/07/24 13:17:57 [notice] 1#1: start worker process 32
2025/07/24 13:17:57 [notice] 1#1: start worker process 33
2025/07/24 13:17:57 [notice] 1#1: start worker process 34
2025/07/24 13:17:57 [notice] 1#1: start worker process 35
2025/07/24 13:17:57 [notice] 1#1: start worker process 36
